2023-09-18 13:04:49.426793: I tensorflow/core/platform/cpu_feature_guard.cc:193] This TensorFlow binary is optimized with oneAPI Deep Neural Network Library (oneDNN) to use the following CPU instructions in performance-critical operations:  AVX2 FMA
To enable them in other operations, rebuild TensorFlow with the appropriate compiler flags.
2023-09-18 13:04:54.039832: I tensorflow/core/common_runtime/gpu/gpu_device.cc:1532] Created device /job:localhost/replica:0/task:0/device:GPU:0 with 38271 MB memory:  -> device: 0, name: NVIDIA A100-SXM4-40GB, pci bus id: 0000:02:00.0, compute capability: 8.0
2023-09-18 13:04:54.062202: I tensorflow/core/common_runtime/gpu/gpu_device.cc:1532] Created device /job:localhost/replica:0/task:0/device:GPU:1 with 38271 MB memory:  -> device: 1, name: NVIDIA A100-SXM4-40GB, pci bus id: 0000:41:00.0, compute capability: 8.0
2023-09-18 13:04:54.063898: I tensorflow/core/common_runtime/gpu/gpu_device.cc:1532] Created device /job:localhost/replica:0/task:0/device:GPU:2 with 38271 MB memory:  -> device: 2, name: NVIDIA A100-SXM4-40GB, pci bus id: 0000:81:00.0, compute capability: 8.0
2023-09-18 13:04:54.065451: I tensorflow/core/common_runtime/gpu/gpu_device.cc:1532] Created device /job:localhost/replica:0/task:0/device:GPU:3 with 38271 MB memory:  -> device: 3, name: NVIDIA A100-SXM4-40GB, pci bus id: 0000:c1:00.0, compute capability: 8.0
/N/soft/sles15/deeplearning/Python-3.10.5/lib/python3.10/site-packages/tensorflow/python/keras/engine/training.py:1963: UserWarning: `Model.fit_generator` is deprecated and will be removed in a future version. Please use `Model.fit`, which supports generators.
  warnings.warn('`Model.fit_generator` is deprecated and '
/N/soft/sles15/deeplearning/Python-3.10.5/lib/python3.10/site-packages/tensorflow/python/keras/engine/training.py:1963: UserWarning: `Model.fit_generator` is deprecated and will be removed in a future version. Please use `Model.fit`, which supports generators.
  warnings.warn('`Model.fit_generator` is deprecated and '
/N/soft/sles15/deeplearning/Python-3.10.5/lib/python3.10/site-packages/tensorflow/python/keras/engine/training.py:1963: UserWarning: `Model.fit_generator` is deprecated and will be removed in a future version. Please use `Model.fit`, which supports generators.
  warnings.warn('`Model.fit_generator` is deprecated and '
/N/soft/sles15/deeplearning/Python-3.10.5/lib/python3.10/site-packages/tensorflow/python/keras/engine/training.py:1963: UserWarning: `Model.fit_generator` is deprecated and will be removed in a future version. Please use `Model.fit`, which supports generators.
  warnings.warn('`Model.fit_generator` is deprecated and '
/N/soft/sles15/deeplearning/Python-3.10.5/lib/python3.10/site-packages/tensorflow/python/keras/engine/training.py:1963: UserWarning: `Model.fit_generator` is deprecated and will be removed in a future version. Please use `Model.fit`, which supports generators.
  warnings.warn('`Model.fit_generator` is deprecated and '
/N/soft/sles15/deeplearning/Python-3.10.5/lib/python3.10/site-packages/tensorflow/python/keras/engine/training.py:1963: UserWarning: `Model.fit_generator` is deprecated and will be removed in a future version. Please use `Model.fit`, which supports generators.
  warnings.warn('`Model.fit_generator` is deprecated and '
/N/soft/sles15/deeplearning/Python-3.10.5/lib/python3.10/site-packages/tensorflow/python/keras/engine/training.py:1963: UserWarning: `Model.fit_generator` is deprecated and will be removed in a future version. Please use `Model.fit`, which supports generators.
  warnings.warn('`Model.fit_generator` is deprecated and '
/N/soft/sles15/deeplearning/Python-3.10.5/lib/python3.10/site-packages/tensorflow/python/keras/engine/training.py:1963: UserWarning: `Model.fit_generator` is deprecated and will be removed in a future version. Please use `Model.fit`, which supports generators.
  warnings.warn('`Model.fit_generator` is deprecated and '
/N/soft/sles15/deeplearning/Python-3.10.5/lib/python3.10/site-packages/tensorflow/python/keras/engine/training.py:1963: UserWarning: `Model.fit_generator` is deprecated and will be removed in a future version. Please use `Model.fit`, which supports generators.
  warnings.warn('`Model.fit_generator` is deprecated and '
/N/soft/sles15/deeplearning/Python-3.10.5/lib/python3.10/site-packages/tensorflow/python/keras/engine/training.py:1963: UserWarning: `Model.fit_generator` is deprecated and will be removed in a future version. Please use `Model.fit`, which supports generators.
  warnings.warn('`Model.fit_generator` is deprecated and '
/N/soft/sles15/deeplearning/Python-3.10.5/lib/python3.10/site-packages/tensorflow/python/keras/engine/training.py:1963: UserWarning: `Model.fit_generator` is deprecated and will be removed in a future version. Please use `Model.fit`, which supports generators.
  warnings.warn('`Model.fit_generator` is deprecated and '
/N/soft/sles15/deeplearning/Python-3.10.5/lib/python3.10/site-packages/tensorflow/python/keras/engine/training.py:1963: UserWarning: `Model.fit_generator` is deprecated and will be removed in a future version. Please use `Model.fit`, which supports generators.
  warnings.warn('`Model.fit_generator` is deprecated and '
/N/soft/sles15/deeplearning/Python-3.10.5/lib/python3.10/site-packages/tensorflow/python/keras/engine/training.py:1963: UserWarning: `Model.fit_generator` is deprecated and will be removed in a future version. Please use `Model.fit`, which supports generators.
  warnings.warn('`Model.fit_generator` is deprecated and '
/N/soft/sles15/deeplearning/Python-3.10.5/lib/python3.10/site-packages/tensorflow/python/keras/engine/training.py:1963: UserWarning: `Model.fit_generator` is deprecated and will be removed in a future version. Please use `Model.fit`, which supports generators.
  warnings.warn('`Model.fit_generator` is deprecated and '
/N/soft/sles15/deeplearning/Python-3.10.5/lib/python3.10/site-packages/tensorflow/python/keras/engine/training.py:1963: UserWarning: `Model.fit_generator` is deprecated and will be removed in a future version. Please use `Model.fit`, which supports generators.
  warnings.warn('`Model.fit_generator` is deprecated and '
/N/soft/sles15/deeplearning/Python-3.10.5/lib/python3.10/site-packages/tensorflow/python/keras/engine/training.py:1963: UserWarning: `Model.fit_generator` is deprecated and will be removed in a future version. Please use `Model.fit`, which supports generators.
  warnings.warn('`Model.fit_generator` is deprecated and '
/N/soft/sles15/deeplearning/Python-3.10.5/lib/python3.10/site-packages/tensorflow/python/keras/engine/training.py:1963: UserWarning: `Model.fit_generator` is deprecated and will be removed in a future version. Please use `Model.fit`, which supports generators.
  warnings.warn('`Model.fit_generator` is deprecated and '
/N/soft/sles15/deeplearning/Python-3.10.5/lib/python3.10/site-packages/tensorflow/python/keras/engine/training.py:1963: UserWarning: `Model.fit_generator` is deprecated and will be removed in a future version. Please use `Model.fit`, which supports generators.
  warnings.warn('`Model.fit_generator` is deprecated and '
/N/soft/sles15/deeplearning/Python-3.10.5/lib/python3.10/site-packages/tensorflow/python/keras/engine/training.py:1963: UserWarning: `Model.fit_generator` is deprecated and will be removed in a future version. Please use `Model.fit`, which supports generators.
  warnings.warn('`Model.fit_generator` is deprecated and '
/N/soft/sles15/deeplearning/Python-3.10.5/lib/python3.10/site-packages/tensorflow/python/keras/engine/training.py:1963: UserWarning: `Model.fit_generator` is deprecated and will be removed in a future version. Please use `Model.fit`, which supports generators.
  warnings.warn('`Model.fit_generator` is deprecated and '
/N/soft/sles15/deeplearning/Python-3.10.5/lib/python3.10/site-packages/tensorflow/python/keras/engine/training.py:1963: UserWarning: `Model.fit_generator` is deprecated and will be removed in a future version. Please use `Model.fit`, which supports generators.
  warnings.warn('`Model.fit_generator` is deprecated and '
/N/soft/sles15/deeplearning/Python-3.10.5/lib/python3.10/site-packages/tensorflow/python/keras/engine/training.py:1963: UserWarning: `Model.fit_generator` is deprecated and will be removed in a future version. Please use `Model.fit`, which supports generators.
  warnings.warn('`Model.fit_generator` is deprecated and '
/N/soft/sles15/deeplearning/Python-3.10.5/lib/python3.10/site-packages/tensorflow/python/keras/engine/training.py:1963: UserWarning: `Model.fit_generator` is deprecated and will be removed in a future version. Please use `Model.fit`, which supports generators.
  warnings.warn('`Model.fit_generator` is deprecated and '
/N/soft/sles15/deeplearning/Python-3.10.5/lib/python3.10/site-packages/tensorflow/python/keras/engine/training.py:1963: UserWarning: `Model.fit_generator` is deprecated and will be removed in a future version. Please use `Model.fit`, which supports generators.
  warnings.warn('`Model.fit_generator` is deprecated and '
/N/soft/sles15/deeplearning/Python-3.10.5/lib/python3.10/site-packages/tensorflow/python/keras/engine/training.py:1963: UserWarning: `Model.fit_generator` is deprecated and will be removed in a future version. Please use `Model.fit`, which supports generators.
  warnings.warn('`Model.fit_generator` is deprecated and '
/N/soft/sles15/deeplearning/Python-3.10.5/lib/python3.10/site-packages/tensorflow/python/keras/engine/training.py:1963: UserWarning: `Model.fit_generator` is deprecated and will be removed in a future version. Please use `Model.fit`, which supports generators.
  warnings.warn('`Model.fit_generator` is deprecated and '
/N/soft/sles15/deeplearning/Python-3.10.5/lib/python3.10/site-packages/tensorflow/python/keras/engine/training.py:1963: UserWarning: `Model.fit_generator` is deprecated and will be removed in a future version. Please use `Model.fit`, which supports generators.
  warnings.warn('`Model.fit_generator` is deprecated and '
/N/soft/sles15/deeplearning/Python-3.10.5/lib/python3.10/site-packages/tensorflow/python/keras/engine/training.py:1963: UserWarning: `Model.fit_generator` is deprecated and will be removed in a future version. Please use `Model.fit`, which supports generators.
  warnings.warn('`Model.fit_generator` is deprecated and '
/N/soft/sles15/deeplearning/Python-3.10.5/lib/python3.10/site-packages/tensorflow/python/keras/engine/training.py:1963: UserWarning: `Model.fit_generator` is deprecated and will be removed in a future version. Please use `Model.fit`, which supports generators.
  warnings.warn('`Model.fit_generator` is deprecated and '
/N/soft/sles15/deeplearning/Python-3.10.5/lib/python3.10/site-packages/tensorflow/python/keras/engine/training.py:1963: UserWarning: `Model.fit_generator` is deprecated and will be removed in a future version. Please use `Model.fit`, which supports generators.
  warnings.warn('`Model.fit_generator` is deprecated and '
/N/soft/sles15/deeplearning/Python-3.10.5/lib/python3.10/site-packages/tensorflow/python/keras/engine/training.py:1963: UserWarning: `Model.fit_generator` is deprecated and will be removed in a future version. Please use `Model.fit`, which supports generators.
  warnings.warn('`Model.fit_generator` is deprecated and '
/N/soft/sles15/deeplearning/Python-3.10.5/lib/python3.10/site-packages/tensorflow/python/keras/engine/training.py:1963: UserWarning: `Model.fit_generator` is deprecated and will be removed in a future version. Please use `Model.fit`, which supports generators.
  warnings.warn('`Model.fit_generator` is deprecated and '
/N/soft/sles15/deeplearning/Python-3.10.5/lib/python3.10/site-packages/tensorflow/python/keras/engine/training.py:1963: UserWarning: `Model.fit_generator` is deprecated and will be removed in a future version. Please use `Model.fit`, which supports generators.
  warnings.warn('`Model.fit_generator` is deprecated and '
/N/soft/sles15/deeplearning/Python-3.10.5/lib/python3.10/site-packages/tensorflow/python/keras/engine/training.py:1963: UserWarning: `Model.fit_generator` is deprecated and will be removed in a future version. Please use `Model.fit`, which supports generators.
  warnings.warn('`Model.fit_generator` is deprecated and '
/N/soft/sles15/deeplearning/Python-3.10.5/lib/python3.10/site-packages/tensorflow/python/keras/engine/training.py:1963: UserWarning: `Model.fit_generator` is deprecated and will be removed in a future version. Please use `Model.fit`, which supports generators.
  warnings.warn('`Model.fit_generator` is deprecated and '
/N/soft/sles15/deeplearning/Python-3.10.5/lib/python3.10/site-packages/tensorflow/python/keras/engine/training.py:1963: UserWarning: `Model.fit_generator` is deprecated and will be removed in a future version. Please use `Model.fit`, which supports generators.
  warnings.warn('`Model.fit_generator` is deprecated and '
/N/soft/sles15/deeplearning/Python-3.10.5/lib/python3.10/site-packages/tensorflow/python/keras/engine/training.py:1963: UserWarning: `Model.fit_generator` is deprecated and will be removed in a future version. Please use `Model.fit`, which supports generators.
  warnings.warn('`Model.fit_generator` is deprecated and '
/N/soft/sles15/deeplearning/Python-3.10.5/lib/python3.10/site-packages/tensorflow/python/keras/engine/training.py:1963: UserWarning: `Model.fit_generator` is deprecated and will be removed in a future version. Please use `Model.fit`, which supports generators.
  warnings.warn('`Model.fit_generator` is deprecated and '
/N/soft/sles15/deeplearning/Python-3.10.5/lib/python3.10/site-packages/tensorflow/python/keras/engine/training.py:1963: UserWarning: `Model.fit_generator` is deprecated and will be removed in a future version. Please use `Model.fit`, which supports generators.
  warnings.warn('`Model.fit_generator` is deprecated and '
/N/soft/sles15/deeplearning/Python-3.10.5/lib/python3.10/site-packages/tensorflow/python/keras/engine/training.py:1963: UserWarning: `Model.fit_generator` is deprecated and will be removed in a future version. Please use `Model.fit`, which supports generators.
  warnings.warn('`Model.fit_generator` is deprecated and '
/N/soft/sles15/deeplearning/Python-3.10.5/lib/python3.10/site-packages/tensorflow/python/keras/engine/training.py:1963: UserWarning: `Model.fit_generator` is deprecated and will be removed in a future version. Please use `Model.fit`, which supports generators.
  warnings.warn('`Model.fit_generator` is deprecated and '
/N/soft/sles15/deeplearning/Python-3.10.5/lib/python3.10/site-packages/tensorflow/python/keras/engine/training.py:1963: UserWarning: `Model.fit_generator` is deprecated and will be removed in a future version. Please use `Model.fit`, which supports generators.
  warnings.warn('`Model.fit_generator` is deprecated and '
/N/soft/sles15/deeplearning/Python-3.10.5/lib/python3.10/site-packages/tensorflow/python/keras/engine/training.py:1963: UserWarning: `Model.fit_generator` is deprecated and will be removed in a future version. Please use `Model.fit`, which supports generators.
  warnings.warn('`Model.fit_generator` is deprecated and '
/N/soft/sles15/deeplearning/Python-3.10.5/lib/python3.10/site-packages/tensorflow/python/keras/engine/training.py:1963: UserWarning: `Model.fit_generator` is deprecated and will be removed in a future version. Please use `Model.fit`, which supports generators.
  warnings.warn('`Model.fit_generator` is deprecated and '
/N/soft/sles15/deeplearning/Python-3.10.5/lib/python3.10/site-packages/tensorflow/python/keras/engine/training.py:1963: UserWarning: `Model.fit_generator` is deprecated and will be removed in a future version. Please use `Model.fit`, which supports generators.
  warnings.warn('`Model.fit_generator` is deprecated and '
/N/soft/sles15/deeplearning/Python-3.10.5/lib/python3.10/site-packages/tensorflow/python/keras/engine/training.py:1963: UserWarning: `Model.fit_generator` is deprecated and will be removed in a future version. Please use `Model.fit`, which supports generators.
  warnings.warn('`Model.fit_generator` is deprecated and '
/N/soft/sles15/deeplearning/Python-3.10.5/lib/python3.10/site-packages/tensorflow/python/keras/engine/training.py:1963: UserWarning: `Model.fit_generator` is deprecated and will be removed in a future version. Please use `Model.fit`, which supports generators.
  warnings.warn('`Model.fit_generator` is deprecated and '
/N/soft/sles15/deeplearning/Python-3.10.5/lib/python3.10/site-packages/tensorflow/python/keras/engine/training.py:1963: UserWarning: `Model.fit_generator` is deprecated and will be removed in a future version. Please use `Model.fit`, which supports generators.
  warnings.warn('`Model.fit_generator` is deprecated and '
/N/soft/sles15/deeplearning/Python-3.10.5/lib/python3.10/site-packages/tensorflow/python/keras/engine/training.py:1963: UserWarning: `Model.fit_generator` is deprecated and will be removed in a future version. Please use `Model.fit`, which supports generators.
  warnings.warn('`Model.fit_generator` is deprecated and '
/N/soft/sles15/deeplearning/Python-3.10.5/lib/python3.10/site-packages/tensorflow/python/keras/engine/training.py:1963: UserWarning: `Model.fit_generator` is deprecated and will be removed in a future version. Please use `Model.fit`, which supports generators.
  warnings.warn('`Model.fit_generator` is deprecated and '
/N/soft/sles15/deeplearning/Python-3.10.5/lib/python3.10/site-packages/tensorflow/python/keras/engine/training.py:1963: UserWarning: `Model.fit_generator` is deprecated and will be removed in a future version. Please use `Model.fit`, which supports generators.
  warnings.warn('`Model.fit_generator` is deprecated and '
/N/soft/sles15/deeplearning/Python-3.10.5/lib/python3.10/site-packages/tensorflow/python/keras/engine/training.py:1963: UserWarning: `Model.fit_generator` is deprecated and will be removed in a future version. Please use `Model.fit`, which supports generators.
  warnings.warn('`Model.fit_generator` is deprecated and '
/N/soft/sles15/deeplearning/Python-3.10.5/lib/python3.10/site-packages/tensorflow/python/keras/engine/training.py:1963: UserWarning: `Model.fit_generator` is deprecated and will be removed in a future version. Please use `Model.fit`, which supports generators.
  warnings.warn('`Model.fit_generator` is deprecated and '
/N/soft/sles15/deeplearning/Python-3.10.5/lib/python3.10/site-packages/tensorflow/python/keras/engine/training.py:1963: UserWarning: `Model.fit_generator` is deprecated and will be removed in a future version. Please use `Model.fit`, which supports generators.
  warnings.warn('`Model.fit_generator` is deprecated and '
/N/soft/sles15/deeplearning/Python-3.10.5/lib/python3.10/site-packages/tensorflow/python/keras/engine/training.py:1963: UserWarning: `Model.fit_generator` is deprecated and will be removed in a future version. Please use `Model.fit`, which supports generators.
  warnings.warn('`Model.fit_generator` is deprecated and '
/N/soft/sles15/deeplearning/Python-3.10.5/lib/python3.10/site-packages/tensorflow/python/keras/engine/training.py:1963: UserWarning: `Model.fit_generator` is deprecated and will be removed in a future version. Please use `Model.fit`, which supports generators.
  warnings.warn('`Model.fit_generator` is deprecated and '
/N/soft/sles15/deeplearning/Python-3.10.5/lib/python3.10/site-packages/tensorflow/python/keras/engine/training.py:1963: UserWarning: `Model.fit_generator` is deprecated and will be removed in a future version. Please use `Model.fit`, which supports generators.
  warnings.warn('`Model.fit_generator` is deprecated and '
/N/soft/sles15/deeplearning/Python-3.10.5/lib/python3.10/site-packages/tensorflow/python/keras/engine/training.py:1963: UserWarning: `Model.fit_generator` is deprecated and will be removed in a future version. Please use `Model.fit`, which supports generators.
  warnings.warn('`Model.fit_generator` is deprecated and '
/N/soft/sles15/deeplearning/Python-3.10.5/lib/python3.10/site-packages/tensorflow/python/keras/engine/training.py:1963: UserWarning: `Model.fit_generator` is deprecated and will be removed in a future version. Please use `Model.fit`, which supports generators.
  warnings.warn('`Model.fit_generator` is deprecated and '
/N/soft/sles15/deeplearning/Python-3.10.5/lib/python3.10/site-packages/tensorflow/python/keras/engine/training.py:1963: UserWarning: `Model.fit_generator` is deprecated and will be removed in a future version. Please use `Model.fit`, which supports generators.
  warnings.warn('`Model.fit_generator` is deprecated and '
/N/soft/sles15/deeplearning/Python-3.10.5/lib/python3.10/site-packages/tensorflow/python/keras/engine/training.py:1963: UserWarning: `Model.fit_generator` is deprecated and will be removed in a future version. Please use `Model.fit`, which supports generators.
  warnings.warn('`Model.fit_generator` is deprecated and '
/N/soft/sles15/deeplearning/Python-3.10.5/lib/python3.10/site-packages/tensorflow/python/keras/engine/training.py:1963: UserWarning: `Model.fit_generator` is deprecated and will be removed in a future version. Please use `Model.fit`, which supports generators.
  warnings.warn('`Model.fit_generator` is deprecated and '
/N/soft/sles15/deeplearning/Python-3.10.5/lib/python3.10/site-packages/tensorflow/python/keras/engine/training.py:1963: UserWarning: `Model.fit_generator` is deprecated and will be removed in a future version. Please use `Model.fit`, which supports generators.
  warnings.warn('`Model.fit_generator` is deprecated and '
/N/soft/sles15/deeplearning/Python-3.10.5/lib/python3.10/site-packages/tensorflow/python/keras/engine/training.py:1963: UserWarning: `Model.fit_generator` is deprecated and will be removed in a future version. Please use `Model.fit`, which supports generators.
  warnings.warn('`Model.fit_generator` is deprecated and '
/N/soft/sles15/deeplearning/Python-3.10.5/lib/python3.10/site-packages/tensorflow/python/keras/engine/training.py:1963: UserWarning: `Model.fit_generator` is deprecated and will be removed in a future version. Please use `Model.fit`, which supports generators.
  warnings.warn('`Model.fit_generator` is deprecated and '
/N/soft/sles15/deeplearning/Python-3.10.5/lib/python3.10/site-packages/tensorflow/python/keras/engine/training.py:1963: UserWarning: `Model.fit_generator` is deprecated and will be removed in a future version. Please use `Model.fit`, which supports generators.
  warnings.warn('`Model.fit_generator` is deprecated and '
/N/soft/sles15/deeplearning/Python-3.10.5/lib/python3.10/site-packages/tensorflow/python/keras/engine/training.py:1963: UserWarning: `Model.fit_generator` is deprecated and will be removed in a future version. Please use `Model.fit`, which supports generators.
  warnings.warn('`Model.fit_generator` is deprecated and '
/N/soft/sles15/deeplearning/Python-3.10.5/lib/python3.10/site-packages/tensorflow/python/keras/engine/training.py:1963: UserWarning: `Model.fit_generator` is deprecated and will be removed in a future version. Please use `Model.fit`, which supports generators.
  warnings.warn('`Model.fit_generator` is deprecated and '
/N/soft/sles15/deeplearning/Python-3.10.5/lib/python3.10/site-packages/tensorflow/python/keras/engine/training.py:1963: UserWarning: `Model.fit_generator` is deprecated and will be removed in a future version. Please use `Model.fit`, which supports generators.
  warnings.warn('`Model.fit_generator` is deprecated and '
/N/soft/sles15/deeplearning/Python-3.10.5/lib/python3.10/site-packages/tensorflow/python/keras/engine/training.py:1963: UserWarning: `Model.fit_generator` is deprecated and will be removed in a future version. Please use `Model.fit`, which supports generators.
  warnings.warn('`Model.fit_generator` is deprecated and '
/N/soft/sles15/deeplearning/Python-3.10.5/lib/python3.10/site-packages/tensorflow/python/keras/engine/training.py:1963: UserWarning: `Model.fit_generator` is deprecated and will be removed in a future version. Please use `Model.fit`, which supports generators.
  warnings.warn('`Model.fit_generator` is deprecated and '
/N/soft/sles15/deeplearning/Python-3.10.5/lib/python3.10/site-packages/tensorflow/python/keras/engine/training.py:1963: UserWarning: `Model.fit_generator` is deprecated and will be removed in a future version. Please use `Model.fit`, which supports generators.
  warnings.warn('`Model.fit_generator` is deprecated and '
/N/soft/sles15/deeplearning/Python-3.10.5/lib/python3.10/site-packages/tensorflow/python/keras/engine/training.py:1963: UserWarning: `Model.fit_generator` is deprecated and will be removed in a future version. Please use `Model.fit`, which supports generators.
  warnings.warn('`Model.fit_generator` is deprecated and '
/N/soft/sles15/deeplearning/Python-3.10.5/lib/python3.10/site-packages/tensorflow/python/keras/engine/training.py:1963: UserWarning: `Model.fit_generator` is deprecated and will be removed in a future version. Please use `Model.fit`, which supports generators.
  warnings.warn('`Model.fit_generator` is deprecated and '
/N/soft/sles15/deeplearning/Python-3.10.5/lib/python3.10/site-packages/tensorflow/python/keras/engine/training.py:1963: UserWarning: `Model.fit_generator` is deprecated and will be removed in a future version. Please use `Model.fit`, which supports generators.
  warnings.warn('`Model.fit_generator` is deprecated and '
/N/soft/sles15/deeplearning/Python-3.10.5/lib/python3.10/site-packages/tensorflow/python/keras/engine/training.py:1963: UserWarning: `Model.fit_generator` is deprecated and will be removed in a future version. Please use `Model.fit`, which supports generators.
  warnings.warn('`Model.fit_generator` is deprecated and '
/N/soft/sles15/deeplearning/Python-3.10.5/lib/python3.10/site-packages/tensorflow/python/keras/engine/training.py:1963: UserWarning: `Model.fit_generator` is deprecated and will be removed in a future version. Please use `Model.fit`, which supports generators.
  warnings.warn('`Model.fit_generator` is deprecated and '
/N/soft/sles15/deeplearning/Python-3.10.5/lib/python3.10/site-packages/tensorflow/python/keras/engine/training.py:1963: UserWarning: `Model.fit_generator` is deprecated and will be removed in a future version. Please use `Model.fit`, which supports generators.
  warnings.warn('`Model.fit_generator` is deprecated and '
/N/soft/sles15/deeplearning/Python-3.10.5/lib/python3.10/site-packages/tensorflow/python/keras/engine/training.py:1963: UserWarning: `Model.fit_generator` is deprecated and will be removed in a future version. Please use `Model.fit`, which supports generators.
  warnings.warn('`Model.fit_generator` is deprecated and '
/N/soft/sles15/deeplearning/Python-3.10.5/lib/python3.10/site-packages/tensorflow/python/keras/engine/training.py:1963: UserWarning: `Model.fit_generator` is deprecated and will be removed in a future version. Please use `Model.fit`, which supports generators.
  warnings.warn('`Model.fit_generator` is deprecated and '
/N/soft/sles15/deeplearning/Python-3.10.5/lib/python3.10/site-packages/tensorflow/python/keras/engine/training.py:1963: UserWarning: `Model.fit_generator` is deprecated and will be removed in a future version. Please use `Model.fit`, which supports generators.
  warnings.warn('`Model.fit_generator` is deprecated and '
/N/soft/sles15/deeplearning/Python-3.10.5/lib/python3.10/site-packages/tensorflow/python/keras/engine/training.py:1963: UserWarning: `Model.fit_generator` is deprecated and will be removed in a future version. Please use `Model.fit`, which supports generators.
  warnings.warn('`Model.fit_generator` is deprecated and '
/N/soft/sles15/deeplearning/Python-3.10.5/lib/python3.10/site-packages/tensorflow/python/keras/engine/training.py:1963: UserWarning: `Model.fit_generator` is deprecated and will be removed in a future version. Please use `Model.fit`, which supports generators.
  warnings.warn('`Model.fit_generator` is deprecated and '
/N/soft/sles15/deeplearning/Python-3.10.5/lib/python3.10/site-packages/tensorflow/python/keras/engine/training.py:1963: UserWarning: `Model.fit_generator` is deprecated and will be removed in a future version. Please use `Model.fit`, which supports generators.
  warnings.warn('`Model.fit_generator` is deprecated and '
/N/soft/sles15/deeplearning/Python-3.10.5/lib/python3.10/site-packages/tensorflow/python/keras/engine/training.py:1963: UserWarning: `Model.fit_generator` is deprecated and will be removed in a future version. Please use `Model.fit`, which supports generators.
  warnings.warn('`Model.fit_generator` is deprecated and '
/N/soft/sles15/deeplearning/Python-3.10.5/lib/python3.10/site-packages/tensorflow/python/keras/engine/training.py:1963: UserWarning: `Model.fit_generator` is deprecated and will be removed in a future version. Please use `Model.fit`, which supports generators.
  warnings.warn('`Model.fit_generator` is deprecated and '
/N/soft/sles15/deeplearning/Python-3.10.5/lib/python3.10/site-packages/tensorflow/python/keras/engine/training.py:1963: UserWarning: `Model.fit_generator` is deprecated and will be removed in a future version. Please use `Model.fit`, which supports generators.
  warnings.warn('`Model.fit_generator` is deprecated and '
/N/soft/sles15/deeplearning/Python-3.10.5/lib/python3.10/site-packages/tensorflow/python/keras/engine/training.py:1963: UserWarning: `Model.fit_generator` is deprecated and will be removed in a future version. Please use `Model.fit`, which supports generators.
  warnings.warn('`Model.fit_generator` is deprecated and '
/N/soft/sles15/deeplearning/Python-3.10.5/lib/python3.10/site-packages/tensorflow/python/keras/engine/training.py:1963: UserWarning: `Model.fit_generator` is deprecated and will be removed in a future version. Please use `Model.fit`, which supports generators.
  warnings.warn('`Model.fit_generator` is deprecated and '
/N/soft/sles15/deeplearning/Python-3.10.5/lib/python3.10/site-packages/tensorflow/python/keras/engine/training.py:1963: UserWarning: `Model.fit_generator` is deprecated and will be removed in a future version. Please use `Model.fit`, which supports generators.
  warnings.warn('`Model.fit_generator` is deprecated and '
/N/soft/sles15/deeplearning/Python-3.10.5/lib/python3.10/site-packages/tensorflow/python/keras/engine/training.py:1963: UserWarning: `Model.fit_generator` is deprecated and will be removed in a future version. Please use `Model.fit`, which supports generators.
  warnings.warn('`Model.fit_generator` is deprecated and '
/N/soft/sles15/deeplearning/Python-3.10.5/lib/python3.10/site-packages/tensorflow/python/keras/engine/training.py:1963: UserWarning: `Model.fit_generator` is deprecated and will be removed in a future version. Please use `Model.fit`, which supports generators.
  warnings.warn('`Model.fit_generator` is deprecated and '
/N/soft/sles15/deeplearning/Python-3.10.5/lib/python3.10/site-packages/tensorflow/python/keras/engine/training.py:1963: UserWarning: `Model.fit_generator` is deprecated and will be removed in a future version. Please use `Model.fit`, which supports generators.
  warnings.warn('`Model.fit_generator` is deprecated and '
/N/soft/sles15/deeplearning/Python-3.10.5/lib/python3.10/site-packages/tensorflow/python/keras/engine/training.py:1963: UserWarning: `Model.fit_generator` is deprecated and will be removed in a future version. Please use `Model.fit`, which supports generators.
  warnings.warn('`Model.fit_generator` is deprecated and '
/N/soft/sles15/deeplearning/Python-3.10.5/lib/python3.10/site-packages/tensorflow/python/keras/engine/training.py:1963: UserWarning: `Model.fit_generator` is deprecated and will be removed in a future version. Please use `Model.fit`, which supports generators.
  warnings.warn('`Model.fit_generator` is deprecated and '
/N/soft/sles15/deeplearning/Python-3.10.5/lib/python3.10/site-packages/tensorflow/python/keras/engine/training.py:1963: UserWarning: `Model.fit_generator` is deprecated and will be removed in a future version. Please use `Model.fit`, which supports generators.
  warnings.warn('`Model.fit_generator` is deprecated and '
/N/soft/sles15/deeplearning/Python-3.10.5/lib/python3.10/site-packages/tensorflow/python/keras/engine/training.py:1963: UserWarning: `Model.fit_generator` is deprecated and will be removed in a future version. Please use `Model.fit`, which supports generators.
  warnings.warn('`Model.fit_generator` is deprecated and '
/N/soft/sles15/deeplearning/Python-3.10.5/lib/python3.10/site-packages/tensorflow/python/keras/engine/training.py:1963: UserWarning: `Model.fit_generator` is deprecated and will be removed in a future version. Please use `Model.fit`, which supports generators.
  warnings.warn('`Model.fit_generator` is deprecated and '
/N/soft/sles15/deeplearning/Python-3.10.5/lib/python3.10/site-packages/tensorflow/python/keras/engine/training.py:1963: UserWarning: `Model.fit_generator` is deprecated and will be removed in a future version. Please use `Model.fit`, which supports generators.
  warnings.warn('`Model.fit_generator` is deprecated and '
/N/soft/sles15/deeplearning/Python-3.10.5/lib/python3.10/site-packages/tensorflow/python/keras/engine/training.py:1963: UserWarning: `Model.fit_generator` is deprecated and will be removed in a future version. Please use `Model.fit`, which supports generators.
  warnings.warn('`Model.fit_generator` is deprecated and '
/N/soft/sles15/deeplearning/Python-3.10.5/lib/python3.10/site-packages/tensorflow/python/keras/engine/training.py:1963: UserWarning: `Model.fit_generator` is deprecated and will be removed in a future version. Please use `Model.fit`, which supports generators.
  warnings.warn('`Model.fit_generator` is deprecated and '
/N/soft/sles15/deeplearning/Python-3.10.5/lib/python3.10/site-packages/tensorflow/python/keras/engine/training.py:1963: UserWarning: `Model.fit_generator` is deprecated and will be removed in a future version. Please use `Model.fit`, which supports generators.
  warnings.warn('`Model.fit_generator` is deprecated and '
/N/soft/sles15/deeplearning/Python-3.10.5/lib/python3.10/site-packages/tensorflow/python/keras/engine/training.py:1963: UserWarning: `Model.fit_generator` is deprecated and will be removed in a future version. Please use `Model.fit`, which supports generators.
  warnings.warn('`Model.fit_generator` is deprecated and '
/N/soft/sles15/deeplearning/Python-3.10.5/lib/python3.10/site-packages/tensorflow/python/keras/engine/training.py:1963: UserWarning: `Model.fit_generator` is deprecated and will be removed in a future version. Please use `Model.fit`, which supports generators.
  warnings.warn('`Model.fit_generator` is deprecated and '
/N/soft/sles15/deeplearning/Python-3.10.5/lib/python3.10/site-packages/tensorflow/python/keras/engine/training.py:1963: UserWarning: `Model.fit_generator` is deprecated and will be removed in a future version. Please use `Model.fit`, which supports generators.
  warnings.warn('`Model.fit_generator` is deprecated and '
/N/soft/sles15/deeplearning/Python-3.10.5/lib/python3.10/site-packages/tensorflow/python/keras/engine/training.py:1963: UserWarning: `Model.fit_generator` is deprecated and will be removed in a future version. Please use `Model.fit`, which supports generators.
  warnings.warn('`Model.fit_generator` is deprecated and '
/N/soft/sles15/deeplearning/Python-3.10.5/lib/python3.10/site-packages/tensorflow/python/keras/engine/training.py:1963: UserWarning: `Model.fit_generator` is deprecated and will be removed in a future version. Please use `Model.fit`, which supports generators.
  warnings.warn('`Model.fit_generator` is deprecated and '
/N/soft/sles15/deeplearning/Python-3.10.5/lib/python3.10/site-packages/tensorflow/python/keras/engine/training.py:1963: UserWarning: `Model.fit_generator` is deprecated and will be removed in a future version. Please use `Model.fit`, which supports generators.
  warnings.warn('`Model.fit_generator` is deprecated and '
/N/soft/sles15/deeplearning/Python-3.10.5/lib/python3.10/site-packages/tensorflow/python/keras/engine/training.py:1963: UserWarning: `Model.fit_generator` is deprecated and will be removed in a future version. Please use `Model.fit`, which supports generators.
  warnings.warn('`Model.fit_generator` is deprecated and '
/N/soft/sles15/deeplearning/Python-3.10.5/lib/python3.10/site-packages/tensorflow/python/keras/engine/training.py:1963: UserWarning: `Model.fit_generator` is deprecated and will be removed in a future version. Please use `Model.fit`, which supports generators.
  warnings.warn('`Model.fit_generator` is deprecated and '
/N/soft/sles15/deeplearning/Python-3.10.5/lib/python3.10/site-packages/tensorflow/python/keras/engine/training.py:1963: UserWarning: `Model.fit_generator` is deprecated and will be removed in a future version. Please use `Model.fit`, which supports generators.
  warnings.warn('`Model.fit_generator` is deprecated and '
/N/soft/sles15/deeplearning/Python-3.10.5/lib/python3.10/site-packages/tensorflow/python/keras/engine/training.py:1963: UserWarning: `Model.fit_generator` is deprecated and will be removed in a future version. Please use `Model.fit`, which supports generators.
  warnings.warn('`Model.fit_generator` is deprecated and '
/N/soft/sles15/deeplearning/Python-3.10.5/lib/python3.10/site-packages/tensorflow/python/keras/engine/training.py:1963: UserWarning: `Model.fit_generator` is deprecated and will be removed in a future version. Please use `Model.fit`, which supports generators.
  warnings.warn('`Model.fit_generator` is deprecated and '
/N/soft/sles15/deeplearning/Python-3.10.5/lib/python3.10/site-packages/tensorflow/python/keras/engine/training.py:1963: UserWarning: `Model.fit_generator` is deprecated and will be removed in a future version. Please use `Model.fit`, which supports generators.
  warnings.warn('`Model.fit_generator` is deprecated and '
/N/soft/sles15/deeplearning/Python-3.10.5/lib/python3.10/site-packages/tensorflow/python/keras/engine/training.py:1963: UserWarning: `Model.fit_generator` is deprecated and will be removed in a future version. Please use `Model.fit`, which supports generators.
  warnings.warn('`Model.fit_generator` is deprecated and '
/N/soft/sles15/deeplearning/Python-3.10.5/lib/python3.10/site-packages/tensorflow/python/keras/engine/training.py:1963: UserWarning: `Model.fit_generator` is deprecated and will be removed in a future version. Please use `Model.fit`, which supports generators.
  warnings.warn('`Model.fit_generator` is deprecated and '
/N/soft/sles15/deeplearning/Python-3.10.5/lib/python3.10/site-packages/tensorflow/python/keras/engine/training.py:1963: UserWarning: `Model.fit_generator` is deprecated and will be removed in a future version. Please use `Model.fit`, which supports generators.
  warnings.warn('`Model.fit_generator` is deprecated and '
/N/soft/sles15/deeplearning/Python-3.10.5/lib/python3.10/site-packages/tensorflow/python/keras/engine/training.py:1963: UserWarning: `Model.fit_generator` is deprecated and will be removed in a future version. Please use `Model.fit`, which supports generators.
  warnings.warn('`Model.fit_generator` is deprecated and '
/N/soft/sles15/deeplearning/Python-3.10.5/lib/python3.10/site-packages/tensorflow/python/keras/engine/training.py:1963: UserWarning: `Model.fit_generator` is deprecated and will be removed in a future version. Please use `Model.fit`, which supports generators.
  warnings.warn('`Model.fit_generator` is deprecated and '
/N/soft/sles15/deeplearning/Python-3.10.5/lib/python3.10/site-packages/tensorflow/python/keras/engine/training.py:1963: UserWarning: `Model.fit_generator` is deprecated and will be removed in a future version. Please use `Model.fit`, which supports generators.
  warnings.warn('`Model.fit_generator` is deprecated and '
/N/soft/sles15/deeplearning/Python-3.10.5/lib/python3.10/site-packages/tensorflow/python/keras/engine/training.py:1963: UserWarning: `Model.fit_generator` is deprecated and will be removed in a future version. Please use `Model.fit`, which supports generators.
  warnings.warn('`Model.fit_generator` is deprecated and '
/N/soft/sles15/deeplearning/Python-3.10.5/lib/python3.10/site-packages/tensorflow/python/keras/engine/training.py:1963: UserWarning: `Model.fit_generator` is deprecated and will be removed in a future version. Please use `Model.fit`, which supports generators.
  warnings.warn('`Model.fit_generator` is deprecated and '
/N/soft/sles15/deeplearning/Python-3.10.5/lib/python3.10/site-packages/tensorflow/python/keras/engine/training.py:1963: UserWarning: `Model.fit_generator` is deprecated and will be removed in a future version. Please use `Model.fit`, which supports generators.
  warnings.warn('`Model.fit_generator` is deprecated and '
/N/soft/sles15/deeplearning/Python-3.10.5/lib/python3.10/site-packages/tensorflow/python/keras/engine/training.py:1963: UserWarning: `Model.fit_generator` is deprecated and will be removed in a future version. Please use `Model.fit`, which supports generators.
  warnings.warn('`Model.fit_generator` is deprecated and '
/N/soft/sles15/deeplearning/Python-3.10.5/lib/python3.10/site-packages/tensorflow/python/keras/engine/training.py:1963: UserWarning: `Model.fit_generator` is deprecated and will be removed in a future version. Please use `Model.fit`, which supports generators.
  warnings.warn('`Model.fit_generator` is deprecated and '
/N/soft/sles15/deeplearning/Python-3.10.5/lib/python3.10/site-packages/tensorflow/python/keras/engine/training.py:1963: UserWarning: `Model.fit_generator` is deprecated and will be removed in a future version. Please use `Model.fit`, which supports generators.
  warnings.warn('`Model.fit_generator` is deprecated and '
/N/soft/sles15/deeplearning/Python-3.10.5/lib/python3.10/site-packages/tensorflow/python/keras/engine/training.py:1963: UserWarning: `Model.fit_generator` is deprecated and will be removed in a future version. Please use `Model.fit`, which supports generators.
  warnings.warn('`Model.fit_generator` is deprecated and '
/N/soft/sles15/deeplearning/Python-3.10.5/lib/python3.10/site-packages/tensorflow/python/keras/engine/training.py:1963: UserWarning: `Model.fit_generator` is deprecated and will be removed in a future version. Please use `Model.fit`, which supports generators.
  warnings.warn('`Model.fit_generator` is deprecated and '
/N/soft/sles15/deeplearning/Python-3.10.5/lib/python3.10/site-packages/tensorflow/python/keras/engine/training.py:1963: UserWarning: `Model.fit_generator` is deprecated and will be removed in a future version. Please use `Model.fit`, which supports generators.
  warnings.warn('`Model.fit_generator` is deprecated and '
/N/soft/sles15/deeplearning/Python-3.10.5/lib/python3.10/site-packages/tensorflow/python/keras/engine/training.py:1963: UserWarning: `Model.fit_generator` is deprecated and will be removed in a future version. Please use `Model.fit`, which supports generators.
  warnings.warn('`Model.fit_generator` is deprecated and '
/N/soft/sles15/deeplearning/Python-3.10.5/lib/python3.10/site-packages/tensorflow/python/keras/engine/training.py:1963: UserWarning: `Model.fit_generator` is deprecated and will be removed in a future version. Please use `Model.fit`, which supports generators.
  warnings.warn('`Model.fit_generator` is deprecated and '
/N/soft/sles15/deeplearning/Python-3.10.5/lib/python3.10/site-packages/tensorflow/python/keras/engine/training.py:1963: UserWarning: `Model.fit_generator` is deprecated and will be removed in a future version. Please use `Model.fit`, which supports generators.
  warnings.warn('`Model.fit_generator` is deprecated and '
/N/soft/sles15/deeplearning/Python-3.10.5/lib/python3.10/site-packages/tensorflow/python/keras/engine/training.py:1963: UserWarning: `Model.fit_generator` is deprecated and will be removed in a future version. Please use `Model.fit`, which supports generators.
  warnings.warn('`Model.fit_generator` is deprecated and '
/N/soft/sles15/deeplearning/Python-3.10.5/lib/python3.10/site-packages/tensorflow/python/keras/engine/training.py:1963: UserWarning: `Model.fit_generator` is deprecated and will be removed in a future version. Please use `Model.fit`, which supports generators.
  warnings.warn('`Model.fit_generator` is deprecated and '
/N/soft/sles15/deeplearning/Python-3.10.5/lib/python3.10/site-packages/tensorflow/python/keras/engine/training.py:1963: UserWarning: `Model.fit_generator` is deprecated and will be removed in a future version. Please use `Model.fit`, which supports generators.
  warnings.warn('`Model.fit_generator` is deprecated and '
/N/soft/sles15/deeplearning/Python-3.10.5/lib/python3.10/site-packages/tensorflow/python/keras/engine/training.py:1963: UserWarning: `Model.fit_generator` is deprecated and will be removed in a future version. Please use `Model.fit`, which supports generators.
  warnings.warn('`Model.fit_generator` is deprecated and '
/N/soft/sles15/deeplearning/Python-3.10.5/lib/python3.10/site-packages/tensorflow/python/keras/engine/training.py:1963: UserWarning: `Model.fit_generator` is deprecated and will be removed in a future version. Please use `Model.fit`, which supports generators.
  warnings.warn('`Model.fit_generator` is deprecated and '
/N/soft/sles15/deeplearning/Python-3.10.5/lib/python3.10/site-packages/tensorflow/python/keras/engine/training.py:1963: UserWarning: `Model.fit_generator` is deprecated and will be removed in a future version. Please use `Model.fit`, which supports generators.
  warnings.warn('`Model.fit_generator` is deprecated and '
/N/soft/sles15/deeplearning/Python-3.10.5/lib/python3.10/site-packages/tensorflow/python/keras/engine/training.py:1963: UserWarning: `Model.fit_generator` is deprecated and will be removed in a future version. Please use `Model.fit`, which supports generators.
  warnings.warn('`Model.fit_generator` is deprecated and '
/N/soft/sles15/deeplearning/Python-3.10.5/lib/python3.10/site-packages/tensorflow/python/keras/engine/training.py:1963: UserWarning: `Model.fit_generator` is deprecated and will be removed in a future version. Please use `Model.fit`, which supports generators.
  warnings.warn('`Model.fit_generator` is deprecated and '
/N/soft/sles15/deeplearning/Python-3.10.5/lib/python3.10/site-packages/tensorflow/python/keras/engine/training.py:1963: UserWarning: `Model.fit_generator` is deprecated and will be removed in a future version. Please use `Model.fit`, which supports generators.
  warnings.warn('`Model.fit_generator` is deprecated and '
/N/soft/sles15/deeplearning/Python-3.10.5/lib/python3.10/site-packages/tensorflow/python/keras/engine/training.py:1963: UserWarning: `Model.fit_generator` is deprecated and will be removed in a future version. Please use `Model.fit`, which supports generators.
  warnings.warn('`Model.fit_generator` is deprecated and '
/N/soft/sles15/deeplearning/Python-3.10.5/lib/python3.10/site-packages/tensorflow/python/keras/engine/training.py:1963: UserWarning: `Model.fit_generator` is deprecated and will be removed in a future version. Please use `Model.fit`, which supports generators.
  warnings.warn('`Model.fit_generator` is deprecated and '
/N/soft/sles15/deeplearning/Python-3.10.5/lib/python3.10/site-packages/tensorflow/python/keras/engine/training.py:1963: UserWarning: `Model.fit_generator` is deprecated and will be removed in a future version. Please use `Model.fit`, which supports generators.
  warnings.warn('`Model.fit_generator` is deprecated and '
/N/soft/sles15/deeplearning/Python-3.10.5/lib/python3.10/site-packages/tensorflow/python/keras/engine/training.py:1963: UserWarning: `Model.fit_generator` is deprecated and will be removed in a future version. Please use `Model.fit`, which supports generators.
  warnings.warn('`Model.fit_generator` is deprecated and '
/N/soft/sles15/deeplearning/Python-3.10.5/lib/python3.10/site-packages/tensorflow/python/keras/engine/training.py:1963: UserWarning: `Model.fit_generator` is deprecated and will be removed in a future version. Please use `Model.fit`, which supports generators.
  warnings.warn('`Model.fit_generator` is deprecated and '
/N/soft/sles15/deeplearning/Python-3.10.5/lib/python3.10/site-packages/tensorflow/python/keras/engine/training.py:1963: UserWarning: `Model.fit_generator` is deprecated and will be removed in a future version. Please use `Model.fit`, which supports generators.
  warnings.warn('`Model.fit_generator` is deprecated and '
/N/soft/sles15/deeplearning/Python-3.10.5/lib/python3.10/site-packages/tensorflow/python/keras/engine/training.py:1963: UserWarning: `Model.fit_generator` is deprecated and will be removed in a future version. Please use `Model.fit`, which supports generators.
  warnings.warn('`Model.fit_generator` is deprecated and '
/N/soft/sles15/deeplearning/Python-3.10.5/lib/python3.10/site-packages/tensorflow/python/keras/engine/training.py:1963: UserWarning: `Model.fit_generator` is deprecated and will be removed in a future version. Please use `Model.fit`, which supports generators.
  warnings.warn('`Model.fit_generator` is deprecated and '
/N/soft/sles15/deeplearning/Python-3.10.5/lib/python3.10/site-packages/tensorflow/python/keras/engine/training.py:1963: UserWarning: `Model.fit_generator` is deprecated and will be removed in a future version. Please use `Model.fit`, which supports generators.
  warnings.warn('`Model.fit_generator` is deprecated and '
/N/soft/sles15/deeplearning/Python-3.10.5/lib/python3.10/site-packages/tensorflow/python/keras/engine/training.py:1963: UserWarning: `Model.fit_generator` is deprecated and will be removed in a future version. Please use `Model.fit`, which supports generators.
  warnings.warn('`Model.fit_generator` is deprecated and '
/N/soft/sles15/deeplearning/Python-3.10.5/lib/python3.10/site-packages/tensorflow/python/keras/engine/training.py:1963: UserWarning: `Model.fit_generator` is deprecated and will be removed in a future version. Please use `Model.fit`, which supports generators.
  warnings.warn('`Model.fit_generator` is deprecated and '
/N/soft/sles15/deeplearning/Python-3.10.5/lib/python3.10/site-packages/tensorflow/python/keras/engine/training.py:1963: UserWarning: `Model.fit_generator` is deprecated and will be removed in a future version. Please use `Model.fit`, which supports generators.
  warnings.warn('`Model.fit_generator` is deprecated and '
/N/soft/sles15/deeplearning/Python-3.10.5/lib/python3.10/site-packages/tensorflow/python/keras/engine/training.py:1963: UserWarning: `Model.fit_generator` is deprecated and will be removed in a future version. Please use `Model.fit`, which supports generators.
  warnings.warn('`Model.fit_generator` is deprecated and '
/N/soft/sles15/deeplearning/Python-3.10.5/lib/python3.10/site-packages/tensorflow/python/keras/engine/training.py:1963: UserWarning: `Model.fit_generator` is deprecated and will be removed in a future version. Please use `Model.fit`, which supports generators.
  warnings.warn('`Model.fit_generator` is deprecated and '
/N/soft/sles15/deeplearning/Python-3.10.5/lib/python3.10/site-packages/tensorflow/python/keras/engine/training.py:1963: UserWarning: `Model.fit_generator` is deprecated and will be removed in a future version. Please use `Model.fit`, which supports generators.
  warnings.warn('`Model.fit_generator` is deprecated and '
/N/soft/sles15/deeplearning/Python-3.10.5/lib/python3.10/site-packages/tensorflow/python/keras/engine/training.py:1963: UserWarning: `Model.fit_generator` is deprecated and will be removed in a future version. Please use `Model.fit`, which supports generators.
  warnings.warn('`Model.fit_generator` is deprecated and '
/N/soft/sles15/deeplearning/Python-3.10.5/lib/python3.10/site-packages/tensorflow/python/keras/engine/training.py:1963: UserWarning: `Model.fit_generator` is deprecated and will be removed in a future version. Please use `Model.fit`, which supports generators.
  warnings.warn('`Model.fit_generator` is deprecated and '
/N/soft/sles15/deeplearning/Python-3.10.5/lib/python3.10/site-packages/tensorflow/python/keras/engine/training.py:1963: UserWarning: `Model.fit_generator` is deprecated and will be removed in a future version. Please use `Model.fit`, which supports generators.
  warnings.warn('`Model.fit_generator` is deprecated and '
/N/soft/sles15/deeplearning/Python-3.10.5/lib/python3.10/site-packages/tensorflow/python/keras/engine/training.py:1963: UserWarning: `Model.fit_generator` is deprecated and will be removed in a future version. Please use `Model.fit`, which supports generators.
  warnings.warn('`Model.fit_generator` is deprecated and '
/N/soft/sles15/deeplearning/Python-3.10.5/lib/python3.10/site-packages/tensorflow/python/keras/engine/training.py:1963: UserWarning: `Model.fit_generator` is deprecated and will be removed in a future version. Please use `Model.fit`, which supports generators.
  warnings.warn('`Model.fit_generator` is deprecated and '
/N/soft/sles15/deeplearning/Python-3.10.5/lib/python3.10/site-packages/tensorflow/python/keras/engine/training.py:1963: UserWarning: `Model.fit_generator` is deprecated and will be removed in a future version. Please use `Model.fit`, which supports generators.
  warnings.warn('`Model.fit_generator` is deprecated and '
/N/soft/sles15/deeplearning/Python-3.10.5/lib/python3.10/site-packages/tensorflow/python/keras/engine/training.py:1963: UserWarning: `Model.fit_generator` is deprecated and will be removed in a future version. Please use `Model.fit`, which supports generators.
  warnings.warn('`Model.fit_generator` is deprecated and '
/N/soft/sles15/deeplearning/Python-3.10.5/lib/python3.10/site-packages/tensorflow/python/keras/engine/training.py:1963: UserWarning: `Model.fit_generator` is deprecated and will be removed in a future version. Please use `Model.fit`, which supports generators.
  warnings.warn('`Model.fit_generator` is deprecated and '
/N/soft/sles15/deeplearning/Python-3.10.5/lib/python3.10/site-packages/tensorflow/python/keras/engine/training.py:1963: UserWarning: `Model.fit_generator` is deprecated and will be removed in a future version. Please use `Model.fit`, which supports generators.
  warnings.warn('`Model.fit_generator` is deprecated and '
/N/soft/sles15/deeplearning/Python-3.10.5/lib/python3.10/site-packages/tensorflow/python/keras/engine/training.py:1963: UserWarning: `Model.fit_generator` is deprecated and will be removed in a future version. Please use `Model.fit`, which supports generators.
  warnings.warn('`Model.fit_generator` is deprecated and '
/N/soft/sles15/deeplearning/Python-3.10.5/lib/python3.10/site-packages/tensorflow/python/keras/engine/training.py:1963: UserWarning: `Model.fit_generator` is deprecated and will be removed in a future version. Please use `Model.fit`, which supports generators.
  warnings.warn('`Model.fit_generator` is deprecated and '
/N/soft/sles15/deeplearning/Python-3.10.5/lib/python3.10/site-packages/tensorflow/python/keras/engine/training.py:1963: UserWarning: `Model.fit_generator` is deprecated and will be removed in a future version. Please use `Model.fit`, which supports generators.
  warnings.warn('`Model.fit_generator` is deprecated and '
/N/soft/sles15/deeplearning/Python-3.10.5/lib/python3.10/site-packages/tensorflow/python/keras/engine/training.py:1963: UserWarning: `Model.fit_generator` is deprecated and will be removed in a future version. Please use `Model.fit`, which supports generators.
  warnings.warn('`Model.fit_generator` is deprecated and '
/N/soft/sles15/deeplearning/Python-3.10.5/lib/python3.10/site-packages/tensorflow/python/keras/engine/training.py:1963: UserWarning: `Model.fit_generator` is deprecated and will be removed in a future version. Please use `Model.fit`, which supports generators.
  warnings.warn('`Model.fit_generator` is deprecated and '
/N/soft/sles15/deeplearning/Python-3.10.5/lib/python3.10/site-packages/tensorflow/python/keras/engine/training.py:1963: UserWarning: `Model.fit_generator` is deprecated and will be removed in a future version. Please use `Model.fit`, which supports generators.
  warnings.warn('`Model.fit_generator` is deprecated and '
/N/soft/sles15/deeplearning/Python-3.10.5/lib/python3.10/site-packages/tensorflow/python/keras/engine/training.py:1963: UserWarning: `Model.fit_generator` is deprecated and will be removed in a future version. Please use `Model.fit`, which supports generators.
  warnings.warn('`Model.fit_generator` is deprecated and '
/N/soft/sles15/deeplearning/Python-3.10.5/lib/python3.10/site-packages/tensorflow/python/keras/engine/training.py:1963: UserWarning: `Model.fit_generator` is deprecated and will be removed in a future version. Please use `Model.fit`, which supports generators.
  warnings.warn('`Model.fit_generator` is deprecated and '
/N/soft/sles15/deeplearning/Python-3.10.5/lib/python3.10/site-packages/tensorflow/python/keras/engine/training.py:1963: UserWarning: `Model.fit_generator` is deprecated and will be removed in a future version. Please use `Model.fit`, which supports generators.
  warnings.warn('`Model.fit_generator` is deprecated and '
/N/soft/sles15/deeplearning/Python-3.10.5/lib/python3.10/site-packages/tensorflow/python/keras/engine/training.py:1963: UserWarning: `Model.fit_generator` is deprecated and will be removed in a future version. Please use `Model.fit`, which supports generators.
  warnings.warn('`Model.fit_generator` is deprecated and '
/N/soft/sles15/deeplearning/Python-3.10.5/lib/python3.10/site-packages/tensorflow/python/keras/engine/training.py:1963: UserWarning: `Model.fit_generator` is deprecated and will be removed in a future version. Please use `Model.fit`, which supports generators.
  warnings.warn('`Model.fit_generator` is deprecated and '
/N/soft/sles15/deeplearning/Python-3.10.5/lib/python3.10/site-packages/tensorflow/python/keras/engine/training.py:1963: UserWarning: `Model.fit_generator` is deprecated and will be removed in a future version. Please use `Model.fit`, which supports generators.
  warnings.warn('`Model.fit_generator` is deprecated and '
/N/soft/sles15/deeplearning/Python-3.10.5/lib/python3.10/site-packages/tensorflow/python/keras/engine/training.py:1963: UserWarning: `Model.fit_generator` is deprecated and will be removed in a future version. Please use `Model.fit`, which supports generators.
  warnings.warn('`Model.fit_generator` is deprecated and '
/N/soft/sles15/deeplearning/Python-3.10.5/lib/python3.10/site-packages/tensorflow/python/keras/engine/training.py:1963: UserWarning: `Model.fit_generator` is deprecated and will be removed in a future version. Please use `Model.fit`, which supports generators.
  warnings.warn('`Model.fit_generator` is deprecated and '
/N/soft/sles15/deeplearning/Python-3.10.5/lib/python3.10/site-packages/tensorflow/python/keras/engine/training.py:1963: UserWarning: `Model.fit_generator` is deprecated and will be removed in a future version. Please use `Model.fit`, which supports generators.
  warnings.warn('`Model.fit_generator` is deprecated and '
srun: Job step aborted: Waiting up to 32 seconds for job step to finish.
slurmstepd: error: *** STEP 1945569.0 ON nid0645 CANCELLED AT 2023-09-18T17:50:28 ***
slurmstepd: error: *** JOB 1945569 ON nid0645 CANCELLED AT 2023-09-18T17:50:28 ***
