2024-01-05 19:12:48.368093: I tensorflow/core/platform/cpu_feature_guard.cc:193] This TensorFlow binary is optimized with oneAPI Deep Neural Network Library (oneDNN) to use the following CPU instructions in performance-critical operations:  AVX2 FMA
To enable them in other operations, rebuild TensorFlow with the appropriate compiler flags.
2024-01-05 19:12:50.454386: I tensorflow/core/common_runtime/gpu/gpu_device.cc:1532] Created device /job:localhost/replica:0/task:0/device:GPU:0 with 38344 MB memory:  -> device: 0, name: NVIDIA A100-SXM4-40GB, pci bus id: 0000:02:00.0, compute capability: 8.0
2024-01-05 19:12:50.474204: I tensorflow/core/common_runtime/gpu/gpu_device.cc:1532] Created device /job:localhost/replica:0/task:0/device:GPU:1 with 38344 MB memory:  -> device: 1, name: NVIDIA A100-SXM4-40GB, pci bus id: 0000:41:00.0, compute capability: 8.0
/N/soft/sles15/deeplearning/Python-3.10.5/lib/python3.10/site-packages/tensorflow/python/keras/engine/training.py:1963: UserWarning: `Model.fit_generator` is deprecated and will be removed in a future version. Please use `Model.fit`, which supports generators.
  warnings.warn('`Model.fit_generator` is deprecated and '
/N/soft/sles15/deeplearning/Python-3.10.5/lib/python3.10/site-packages/tensorflow/python/keras/engine/training.py:1963: UserWarning: `Model.fit_generator` is deprecated and will be removed in a future version. Please use `Model.fit`, which supports generators.
  warnings.warn('`Model.fit_generator` is deprecated and '
/N/soft/sles15/deeplearning/Python-3.10.5/lib/python3.10/site-packages/tensorflow/python/keras/engine/training.py:1963: UserWarning: `Model.fit_generator` is deprecated and will be removed in a future version. Please use `Model.fit`, which supports generators.
  warnings.warn('`Model.fit_generator` is deprecated and '
/N/soft/sles15/deeplearning/Python-3.10.5/lib/python3.10/site-packages/tensorflow/python/keras/engine/training.py:1963: UserWarning: `Model.fit_generator` is deprecated and will be removed in a future version. Please use `Model.fit`, which supports generators.
  warnings.warn('`Model.fit_generator` is deprecated and '
/N/soft/sles15/deeplearning/Python-3.10.5/lib/python3.10/site-packages/tensorflow/python/keras/engine/training.py:1963: UserWarning: `Model.fit_generator` is deprecated and will be removed in a future version. Please use `Model.fit`, which supports generators.
  warnings.warn('`Model.fit_generator` is deprecated and '
/N/soft/sles15/deeplearning/Python-3.10.5/lib/python3.10/site-packages/tensorflow/python/keras/engine/training.py:1963: UserWarning: `Model.fit_generator` is deprecated and will be removed in a future version. Please use `Model.fit`, which supports generators.
  warnings.warn('`Model.fit_generator` is deprecated and '
/N/soft/sles15/deeplearning/Python-3.10.5/lib/python3.10/site-packages/tensorflow/python/keras/engine/training.py:1963: UserWarning: `Model.fit_generator` is deprecated and will be removed in a future version. Please use `Model.fit`, which supports generators.
  warnings.warn('`Model.fit_generator` is deprecated and '
/N/soft/sles15/deeplearning/Python-3.10.5/lib/python3.10/site-packages/tensorflow/python/keras/engine/training.py:1963: UserWarning: `Model.fit_generator` is deprecated and will be removed in a future version. Please use `Model.fit`, which supports generators.
  warnings.warn('`Model.fit_generator` is deprecated and '
/N/soft/sles15/deeplearning/Python-3.10.5/lib/python3.10/site-packages/tensorflow/python/keras/engine/training.py:1963: UserWarning: `Model.fit_generator` is deprecated and will be removed in a future version. Please use `Model.fit`, which supports generators.
  warnings.warn('`Model.fit_generator` is deprecated and '
/N/soft/sles15/deeplearning/Python-3.10.5/lib/python3.10/site-packages/tensorflow/python/keras/engine/training.py:1963: UserWarning: `Model.fit_generator` is deprecated and will be removed in a future version. Please use `Model.fit`, which supports generators.
  warnings.warn('`Model.fit_generator` is deprecated and '
/N/soft/sles15/deeplearning/Python-3.10.5/lib/python3.10/site-packages/tensorflow/python/keras/engine/training.py:1963: UserWarning: `Model.fit_generator` is deprecated and will be removed in a future version. Please use `Model.fit`, which supports generators.
  warnings.warn('`Model.fit_generator` is deprecated and '
/N/soft/sles15/deeplearning/Python-3.10.5/lib/python3.10/site-packages/tensorflow/python/keras/engine/training.py:1963: UserWarning: `Model.fit_generator` is deprecated and will be removed in a future version. Please use `Model.fit`, which supports generators.
  warnings.warn('`Model.fit_generator` is deprecated and '
/N/soft/sles15/deeplearning/Python-3.10.5/lib/python3.10/site-packages/tensorflow/python/keras/engine/training.py:1963: UserWarning: `Model.fit_generator` is deprecated and will be removed in a future version. Please use `Model.fit`, which supports generators.
  warnings.warn('`Model.fit_generator` is deprecated and '
/N/soft/sles15/deeplearning/Python-3.10.5/lib/python3.10/site-packages/tensorflow/python/keras/engine/training.py:1963: UserWarning: `Model.fit_generator` is deprecated and will be removed in a future version. Please use `Model.fit`, which supports generators.
  warnings.warn('`Model.fit_generator` is deprecated and '
/N/soft/sles15/deeplearning/Python-3.10.5/lib/python3.10/site-packages/tensorflow/python/keras/engine/training.py:1963: UserWarning: `Model.fit_generator` is deprecated and will be removed in a future version. Please use `Model.fit`, which supports generators.
  warnings.warn('`Model.fit_generator` is deprecated and '
/N/soft/sles15/deeplearning/Python-3.10.5/lib/python3.10/site-packages/tensorflow/python/keras/engine/training.py:1963: UserWarning: `Model.fit_generator` is deprecated and will be removed in a future version. Please use `Model.fit`, which supports generators.
  warnings.warn('`Model.fit_generator` is deprecated and '
/N/soft/sles15/deeplearning/Python-3.10.5/lib/python3.10/site-packages/tensorflow/python/keras/engine/training.py:1963: UserWarning: `Model.fit_generator` is deprecated and will be removed in a future version. Please use `Model.fit`, which supports generators.
  warnings.warn('`Model.fit_generator` is deprecated and '
/N/soft/sles15/deeplearning/Python-3.10.5/lib/python3.10/site-packages/tensorflow/python/keras/engine/training.py:1963: UserWarning: `Model.fit_generator` is deprecated and will be removed in a future version. Please use `Model.fit`, which supports generators.
  warnings.warn('`Model.fit_generator` is deprecated and '
/N/soft/sles15/deeplearning/Python-3.10.5/lib/python3.10/site-packages/tensorflow/python/keras/engine/training.py:1963: UserWarning: `Model.fit_generator` is deprecated and will be removed in a future version. Please use `Model.fit`, which supports generators.
  warnings.warn('`Model.fit_generator` is deprecated and '
/N/soft/sles15/deeplearning/Python-3.10.5/lib/python3.10/site-packages/tensorflow/python/keras/engine/training.py:1963: UserWarning: `Model.fit_generator` is deprecated and will be removed in a future version. Please use `Model.fit`, which supports generators.
  warnings.warn('`Model.fit_generator` is deprecated and '
/N/soft/sles15/deeplearning/Python-3.10.5/lib/python3.10/site-packages/tensorflow/python/keras/engine/training.py:1963: UserWarning: `Model.fit_generator` is deprecated and will be removed in a future version. Please use `Model.fit`, which supports generators.
  warnings.warn('`Model.fit_generator` is deprecated and '
/N/soft/sles15/deeplearning/Python-3.10.5/lib/python3.10/site-packages/tensorflow/python/keras/engine/training.py:1963: UserWarning: `Model.fit_generator` is deprecated and will be removed in a future version. Please use `Model.fit`, which supports generators.
  warnings.warn('`Model.fit_generator` is deprecated and '
/N/soft/sles15/deeplearning/Python-3.10.5/lib/python3.10/site-packages/tensorflow/python/keras/engine/training.py:1963: UserWarning: `Model.fit_generator` is deprecated and will be removed in a future version. Please use `Model.fit`, which supports generators.
  warnings.warn('`Model.fit_generator` is deprecated and '
/N/soft/sles15/deeplearning/Python-3.10.5/lib/python3.10/site-packages/tensorflow/python/keras/engine/training.py:1963: UserWarning: `Model.fit_generator` is deprecated and will be removed in a future version. Please use `Model.fit`, which supports generators.
  warnings.warn('`Model.fit_generator` is deprecated and '
/N/soft/sles15/deeplearning/Python-3.10.5/lib/python3.10/site-packages/tensorflow/python/keras/engine/training.py:1963: UserWarning: `Model.fit_generator` is deprecated and will be removed in a future version. Please use `Model.fit`, which supports generators.
  warnings.warn('`Model.fit_generator` is deprecated and '
/N/soft/sles15/deeplearning/Python-3.10.5/lib/python3.10/site-packages/tensorflow/python/keras/engine/training.py:1963: UserWarning: `Model.fit_generator` is deprecated and will be removed in a future version. Please use `Model.fit`, which supports generators.
  warnings.warn('`Model.fit_generator` is deprecated and '
/N/soft/sles15/deeplearning/Python-3.10.5/lib/python3.10/site-packages/tensorflow/python/keras/engine/training.py:1963: UserWarning: `Model.fit_generator` is deprecated and will be removed in a future version. Please use `Model.fit`, which supports generators.
  warnings.warn('`Model.fit_generator` is deprecated and '
/N/soft/sles15/deeplearning/Python-3.10.5/lib/python3.10/site-packages/tensorflow/python/keras/engine/training.py:1963: UserWarning: `Model.fit_generator` is deprecated and will be removed in a future version. Please use `Model.fit`, which supports generators.
  warnings.warn('`Model.fit_generator` is deprecated and '
/N/soft/sles15/deeplearning/Python-3.10.5/lib/python3.10/site-packages/tensorflow/python/keras/engine/training.py:1963: UserWarning: `Model.fit_generator` is deprecated and will be removed in a future version. Please use `Model.fit`, which supports generators.
  warnings.warn('`Model.fit_generator` is deprecated and '
/N/soft/sles15/deeplearning/Python-3.10.5/lib/python3.10/site-packages/tensorflow/python/keras/engine/training.py:1963: UserWarning: `Model.fit_generator` is deprecated and will be removed in a future version. Please use `Model.fit`, which supports generators.
  warnings.warn('`Model.fit_generator` is deprecated and '
/N/soft/sles15/deeplearning/Python-3.10.5/lib/python3.10/site-packages/tensorflow/python/keras/engine/training.py:1963: UserWarning: `Model.fit_generator` is deprecated and will be removed in a future version. Please use `Model.fit`, which supports generators.
  warnings.warn('`Model.fit_generator` is deprecated and '
/N/soft/sles15/deeplearning/Python-3.10.5/lib/python3.10/site-packages/tensorflow/python/keras/engine/training.py:1963: UserWarning: `Model.fit_generator` is deprecated and will be removed in a future version. Please use `Model.fit`, which supports generators.
  warnings.warn('`Model.fit_generator` is deprecated and '
/N/soft/sles15/deeplearning/Python-3.10.5/lib/python3.10/site-packages/tensorflow/python/keras/engine/training.py:1963: UserWarning: `Model.fit_generator` is deprecated and will be removed in a future version. Please use `Model.fit`, which supports generators.
  warnings.warn('`Model.fit_generator` is deprecated and '
/N/soft/sles15/deeplearning/Python-3.10.5/lib/python3.10/site-packages/tensorflow/python/keras/engine/training.py:1963: UserWarning: `Model.fit_generator` is deprecated and will be removed in a future version. Please use `Model.fit`, which supports generators.
  warnings.warn('`Model.fit_generator` is deprecated and '
/N/soft/sles15/deeplearning/Python-3.10.5/lib/python3.10/site-packages/tensorflow/python/keras/engine/training.py:1963: UserWarning: `Model.fit_generator` is deprecated and will be removed in a future version. Please use `Model.fit`, which supports generators.
  warnings.warn('`Model.fit_generator` is deprecated and '
/N/soft/sles15/deeplearning/Python-3.10.5/lib/python3.10/site-packages/tensorflow/python/keras/engine/training.py:1963: UserWarning: `Model.fit_generator` is deprecated and will be removed in a future version. Please use `Model.fit`, which supports generators.
  warnings.warn('`Model.fit_generator` is deprecated and '
/N/soft/sles15/deeplearning/Python-3.10.5/lib/python3.10/site-packages/tensorflow/python/keras/engine/training.py:1963: UserWarning: `Model.fit_generator` is deprecated and will be removed in a future version. Please use `Model.fit`, which supports generators.
  warnings.warn('`Model.fit_generator` is deprecated and '
/N/soft/sles15/deeplearning/Python-3.10.5/lib/python3.10/site-packages/tensorflow/python/keras/engine/training.py:1963: UserWarning: `Model.fit_generator` is deprecated and will be removed in a future version. Please use `Model.fit`, which supports generators.
  warnings.warn('`Model.fit_generator` is deprecated and '
/N/soft/sles15/deeplearning/Python-3.10.5/lib/python3.10/site-packages/tensorflow/python/keras/engine/training.py:1963: UserWarning: `Model.fit_generator` is deprecated and will be removed in a future version. Please use `Model.fit`, which supports generators.
  warnings.warn('`Model.fit_generator` is deprecated and '
srun: Job step aborted: Waiting up to 32 seconds for job step to finish.
slurmstepd: error: *** STEP 2332501.0 ON nid0703 CANCELLED AT 2024-01-05T20:12:22 DUE TO TIME LIMIT ***
slurmstepd: error: *** JOB 2332501 ON nid0703 CANCELLED AT 2024-01-05T20:12:22 DUE TO TIME LIMIT ***
