/N/u/zfwei/BigRed200/.local/lib/python3.10/site-packages/joblib/externals/loky/process_executor.py:752: UserWarning: A worker stopped while some jobs were given to the executor. This can be caused by a too short worker timeout or by a memory leak.
  warnings.warn(
/N/u/zfwei/BigRed200/.local/lib/python3.10/site-packages/joblib/externals/loky/process_executor.py:752: UserWarning: A worker stopped while some jobs were given to the executor. This can be caused by a too short worker timeout or by a memory leak.
  warnings.warn(
/N/u/zfwei/BigRed200/.local/lib/python3.10/site-packages/joblib/externals/loky/process_executor.py:752: UserWarning: A worker stopped while some jobs were given to the executor. This can be caused by a too short worker timeout or by a memory leak.
  warnings.warn(
/N/u/zfwei/BigRed200/.local/lib/python3.10/site-packages/joblib/externals/loky/process_executor.py:752: UserWarning: A worker stopped while some jobs were given to the executor. This can be caused by a too short worker timeout or by a memory leak.
  warnings.warn(
/N/u/zfwei/BigRed200/.local/lib/python3.10/site-packages/joblib/externals/loky/process_executor.py:752: UserWarning: A worker stopped while some jobs were given to the executor. This can be caused by a too short worker timeout or by a memory leak.
  warnings.warn(
/N/u/zfwei/BigRed200/.local/lib/python3.10/site-packages/joblib/externals/loky/process_executor.py:752: UserWarning: A worker stopped while some jobs were given to the executor. This can be caused by a too short worker timeout or by a memory leak.
  warnings.warn(
/N/u/zfwei/BigRed200/.local/lib/python3.10/site-packages/joblib/externals/loky/process_executor.py:752: UserWarning: A worker stopped while some jobs were given to the executor. This can be caused by a too short worker timeout or by a memory leak.
  warnings.warn(
/N/u/zfwei/BigRed200/.local/lib/python3.10/site-packages/joblib/externals/loky/process_executor.py:752: UserWarning: A worker stopped while some jobs were given to the executor. This can be caused by a too short worker timeout or by a memory leak.
  warnings.warn(
/N/u/zfwei/BigRed200/.local/lib/python3.10/site-packages/joblib/externals/loky/process_executor.py:752: UserWarning: A worker stopped while some jobs were given to the executor. This can be caused by a too short worker timeout or by a memory leak.
  warnings.warn(
/N/u/zfwei/BigRed200/.local/lib/python3.10/site-packages/joblib/externals/loky/process_executor.py:752: UserWarning: A worker stopped while some jobs were given to the executor. This can be caused by a too short worker timeout or by a memory leak.
  warnings.warn(
/N/u/zfwei/BigRed200/.local/lib/python3.10/site-packages/joblib/externals/loky/process_executor.py:752: UserWarning: A worker stopped while some jobs were given to the executor. This can be caused by a too short worker timeout or by a memory leak.
  warnings.warn(
/N/u/zfwei/BigRed200/.local/lib/python3.10/site-packages/joblib/externals/loky/process_executor.py:752: UserWarning: A worker stopped while some jobs were given to the executor. This can be caused by a too short worker timeout or by a memory leak.
  warnings.warn(
/N/u/zfwei/BigRed200/.local/lib/python3.10/site-packages/joblib/externals/loky/process_executor.py:752: UserWarning: A worker stopped while some jobs were given to the executor. This can be caused by a too short worker timeout or by a memory leak.
  warnings.warn(
/N/u/zfwei/BigRed200/.local/lib/python3.10/site-packages/joblib/externals/loky/process_executor.py:752: UserWarning: A worker stopped while some jobs were given to the executor. This can be caused by a too short worker timeout or by a memory leak.
  warnings.warn(
/N/u/zfwei/BigRed200/.local/lib/python3.10/site-packages/joblib/externals/loky/process_executor.py:752: UserWarning: A worker stopped while some jobs were given to the executor. This can be caused by a too short worker timeout or by a memory leak.
  warnings.warn(
/N/u/zfwei/BigRed200/.local/lib/python3.10/site-packages/joblib/externals/loky/process_executor.py:752: UserWarning: A worker stopped while some jobs were given to the executor. This can be caused by a too short worker timeout or by a memory leak.
  warnings.warn(
/N/u/zfwei/BigRed200/.local/lib/python3.10/site-packages/joblib/externals/loky/process_executor.py:752: UserWarning: A worker stopped while some jobs were given to the executor. This can be caused by a too short worker timeout or by a memory leak.
  warnings.warn(
/N/u/zfwei/BigRed200/.local/lib/python3.10/site-packages/joblib/externals/loky/process_executor.py:752: UserWarning: A worker stopped while some jobs were given to the executor. This can be caused by a too short worker timeout or by a memory leak.
  warnings.warn(
/N/u/zfwei/BigRed200/.local/lib/python3.10/site-packages/joblib/externals/loky/process_executor.py:752: UserWarning: A worker stopped while some jobs were given to the executor. This can be caused by a too short worker timeout or by a memory leak.
  warnings.warn(
/N/u/zfwei/BigRed200/.local/lib/python3.10/site-packages/joblib/externals/loky/process_executor.py:752: UserWarning: A worker stopped while some jobs were given to the executor. This can be caused by a too short worker timeout or by a memory leak.
  warnings.warn(
/N/u/zfwei/BigRed200/.local/lib/python3.10/site-packages/joblib/externals/loky/process_executor.py:752: UserWarning: A worker stopped while some jobs were given to the executor. This can be caused by a too short worker timeout or by a memory leak.
  warnings.warn(
/N/u/zfwei/BigRed200/.local/lib/python3.10/site-packages/joblib/externals/loky/process_executor.py:752: UserWarning: A worker stopped while some jobs were given to the executor. This can be caused by a too short worker timeout or by a memory leak.
  warnings.warn(
/N/u/zfwei/BigRed200/.local/lib/python3.10/site-packages/joblib/externals/loky/process_executor.py:752: UserWarning: A worker stopped while some jobs were given to the executor. This can be caused by a too short worker timeout or by a memory leak.
  warnings.warn(
/N/u/zfwei/BigRed200/.local/lib/python3.10/site-packages/joblib/externals/loky/process_executor.py:752: UserWarning: A worker stopped while some jobs were given to the executor. This can be caused by a too short worker timeout or by a memory leak.
  warnings.warn(
/N/u/zfwei/BigRed200/.local/lib/python3.10/site-packages/joblib/externals/loky/process_executor.py:752: UserWarning: A worker stopped while some jobs were given to the executor. This can be caused by a too short worker timeout or by a memory leak.
  warnings.warn(
Traceback (most recent call last):
  File "/geode2/home/u110/zfwei/BigRed200/MSGI/Dec_Experiments_Formal_001_7_4/Size_and_Dim_001_Run.py", line 24, in <module>
    run_SD(args.method_id, args.itera, args.num_workers)
  File "/geode2/home/u110/zfwei/BigRed200/MSGI/Dec_Experiments_Formal_001_7_4/Size_and_Dim_001_Run.py", line 7, in run_SD
    RECORD_parallel = MoreRound(method_id, itera, num_workers)
  File "/geode2/home/u110/zfwei/BigRed200/MSGI/Dec_Experiments_Formal_001_7_4/Size_and_Dim_001.py", line 153, in MoreRound
    results = [future.result() for future in futures]
  File "/geode2/home/u110/zfwei/BigRed200/MSGI/Dec_Experiments_Formal_001_7_4/Size_and_Dim_001.py", line 153, in <listcomp>
    results = [future.result() for future in futures]
  File "/N/soft/sles15/deeplearning/Python-3.10.5/Lib/concurrent/futures/_base.py", line 439, in result
    return self.__get_result()
  File "/N/soft/sles15/deeplearning/Python-3.10.5/Lib/concurrent/futures/_base.py", line 391, in __get_result
    raise self._exception
concurrent.futures.process.BrokenProcessPool: A process in the process pool was terminated abruptly while the future was running or pending.
slurmstepd: error: Detected 1 oom-kill event(s) in StepId=2332435.0. Some of your processes may have been killed by the cgroup out-of-memory handler.
srun: error: nid0226: task 0: Out Of Memory
srun: launch/slurm: _step_signal: Terminating StepId=2332435.0
